<?xml version="1.0" encoding="UTF-8"?>
<testsuites name="FCSCMS-411" time="110.791" tests="2" failures="0" errors="0">
   <testsuite name="FCSCMS-411" tests="2" failures="0" errors="0" time="110.791" skipped="0" timestamp="2022-04-25 15:56:39" hostname="Fet - DESKTOP-Q81B6T4" id="Test Suites/Sprint 3/FCSCMS-59/FCSCMS-411">
      <properties>
         <property name="deviceName" value=""/>
         <property name="devicePlatform" value=""/>
         <property name="logFolder" value="C:\\Users\\Fet\\git\\Sample - Nexterus\\Reports\\20220425_155634\\Sprint 3\\FCSCMS-59\\FCSCMS-411\\20220425_155634"/>
         <property name="logFiles" value="C:\\Users\\Fet\\git\\Sample - Nexterus\\Reports\\20220425_155634\\Sprint 3\\FCSCMS-59\\FCSCMS-411\\20220425_155634\\execution0.log"/>
         <property name="attachments" value=""/>
         <property name="hostName" value="Fet - DESKTOP-Q81B6T4"/>
         <property name="os" value="Windows 10 64bit"/>
         <property name="katalonVersion" value="8.3.0.208"/>
         <property name="browser" value="Chrome 100.0.4896.127"/>
         <property name="hostAddress" value="192.168.5.82"/>
         <property name="sessionId" value="f415a5bc96de3c02d669369404d1a70a"/>
         <property name="seleniumVersion" value="3.141.59"/>
         <property name="proxyInformation" value="ProxyInformation { proxyOption=NO_PROXY, proxyServerType=HTTP, username=, password=********, proxyServerAddress=, proxyServerPort=0, executionList=&quot;&quot;, isApplyToDesiredCapabilities=true }"/>
         <property name="platform" value="Windows 10"/>
      </properties>
      <testcase name="Test Cases/Log-in/Log-in- 1" time="13.985" classname="Test Cases/Log-in/Log-in- 1" status="PASSED">
         <system-out><![CDATA[2022-04-25 15:56:40 - [TEST_CASE][PASSED] - Test Cases/Log-in/Log-in- 1: Test Cases/Log-in/Log-in- 1

2022-04-25 15:56:41 - [TEST_STEP][PASSED] - openBrowser(""): Browser is opened with url: ''

2022-04-25 15:56:42 - [MESSAGE][INFO] - Starting 'Chrome' driver

2022-04-25 15:56:42 - [MESSAGE][INFO] - Action delay is set to 0 milliseconds

2022-04-25 15:56:46 - [MESSAGE][PASSED] - Browser is opened with url: ''

2022-04-25 15:56:46 - [TEST_STEP][PASSED] - navigateToUrl("https://nexterus-tst.outsystemsenterprise.com/FusionCenter/Login"): Navigate to 'https://nexterus-tst.outsystemsenterprise.com/FusionCenter/Login' successfully

2022-04-25 15:56:48 - [MESSAGE][PASSED] - Navigate to 'https://nexterus-tst.outsystemsenterprise.com/FusionCenter/Login' successfully

2022-04-25 15:56:48 - [TEST_STEP][PASSED] - maximizeWindow(): Current window maximized

2022-04-25 15:56:48 - [MESSAGE][PASSED] - Current window maximized

2022-04-25 15:56:48 - [TEST_STEP][PASSED] - delay(2): Delayed 2 second(s)

2022-04-25 15:56:50 - [MESSAGE][PASSED] - Delayed 2 second(s)

2022-04-25 15:56:50 - [TEST_STEP][PASSED] - setText(findTestObject("Log-in/Username field"), "admin"): Text 'admin' is set on object 'Object Repository/Log-in/Username field'

2022-04-25 15:56:52 - [MESSAGE][PASSED] - Text 'admin' is set on object 'Object Repository/Log-in/Username field'

2022-04-25 15:56:52 - [TEST_STEP][PASSED] - setText(findTestObject("Log-in/Password field"), "admin"): Text 'admin' is set on object 'Object Repository/Log-in/Password field'

2022-04-25 15:56:53 - [MESSAGE][PASSED] - Text 'admin' is set on object 'Object Repository/Log-in/Password field'

2022-04-25 15:56:53 - [TEST_STEP][PASSED] - click(findTestObject("Log-in/Log-in button"), STOP_ON_FAILURE): Object: 'Object Repository/Log-in/Log-in button' is clicked on

2022-04-25 15:56:54 - [MESSAGE][PASSED] - Object: 'Object Repository/Log-in/Log-in button' is clicked on]]></system-out>
         <system-err><![CDATA[]]></system-err>
      </testcase>
      <testcase name="Test Cases/Sprint 3/FCSCMS-59/FCSCMS-411" time="96.168" classname="Test Cases/Sprint 3/FCSCMS-59/FCSCMS-411" status="PASSED">
         <system-out><![CDATA[2022-04-25 15:56:54 - [TEST_CASE][PASSED] - Test Cases/Sprint 3/FCSCMS-59/FCSCMS-411: Test Cases/Sprint 3/FCSCMS-59/FCSCMS-411

2022-04-25 15:56:55 - [TEST_STEP][PASSED] - click(findTestObject("Sprint 3/FCSCMS-59/FCSCMS-411/User Account Management")): Object: 'Object Repository/Sprint 3/FCSCMS-59/FCSCMS-411/User Account Management' is clicked on

2022-04-25 15:57:30 - [MESSAGE][PASSED] - Object: 'Object Repository/Sprint 3/FCSCMS-59/FCSCMS-411/User Account Management' is clicked on

2022-04-25 15:57:30 - [TEST_STEP][PASSED] - verifyElementVisible(findTestObject("Sprint 3/FCSCMS-59/FCSCMS-411/Table Header_Action"), STOP_ON_FAILURE): Object 'Object Repository/Sprint 3/FCSCMS-59/FCSCMS-411/Table Header_Action' is visible

2022-04-25 15:58:00 - [MESSAGE][PASSED] - Object 'Object Repository/Sprint 3/FCSCMS-59/FCSCMS-411/Table Header_Action' is visible

2022-04-25 15:58:00 - [TEST_STEP][PASSED] - verifyElementVisible(findTestObject("Sprint 3/FCSCMS-59/FCSCMS-411/Table Header_Address"), STOP_ON_FAILURE): Object 'Object Repository/Sprint 3/FCSCMS-59/FCSCMS-411/Table Header_Address' is visible

2022-04-25 15:58:30 - [MESSAGE][PASSED] - Object 'Object Repository/Sprint 3/FCSCMS-59/FCSCMS-411/Table Header_Address' is visible]]></system-out>
         <system-err><![CDATA[]]></system-err>
      </testcase>
      <system-out><![CDATA[2022-04-25 15:56:39 - [TEST_SUITE][PASSED] - FCSCMS-411: Test Cases/Sprint 3/FCSCMS-59/FCSCMS-411]]></system-out>
      <system-err><![CDATA[]]></system-err>
   </testsuite>
</testsuites>
