<?xml version="1.0" encoding="UTF-8"?>
<testsuites name="FCSCMS-123(User, Role and Access Management-Activate User)" time="213.122" tests="4" failures="0" errors="0">
   <testsuite name="FCSCMS-123(User, Role and Access Management-Activate User)" tests="4" failures="0" errors="0" time="213.122" skipped="0" timestamp="2022-04-29 22:31:34" hostname="Fet - DESKTOP-Q81B6T4" id="Test Suites/Sprint 4/FCSCMS-123(User, Role and Access Management-Activate User)">
      <properties>
         <property name="deviceName" value=""/>
         <property name="devicePlatform" value=""/>
         <property name="logFolder" value="C:\\Users\\Fet\\git\\Sample - Nexterus\\Reports\\20220429_223127\\Sprint 4\\FCSCMS-123(User, Role and Access Management-Activate User)\\20220429_223127"/>
         <property name="logFiles" value="C:\\Users\\Fet\\git\\Sample - Nexterus\\Reports\\20220429_223127\\Sprint 4\\FCSCMS-123(User, Role and Access Management-Activate User)\\20220429_223127\\execution0.log"/>
         <property name="attachments" value=""/>
         <property name="hostName" value="Fet - DESKTOP-Q81B6T4"/>
         <property name="os" value="Windows 10 64bit"/>
         <property name="katalonVersion" value="8.3.0.208"/>
         <property name="browser" value="Chrome 100.0.4896.127"/>
         <property name="hostAddress" value="192.168.5.82"/>
         <property name="sessionId" value="9377771e03bcd6bb8a9728d905521f93"/>
         <property name="seleniumVersion" value="3.141.59"/>
         <property name="proxyInformation" value="ProxyInformation { proxyOption=NO_PROXY, proxyServerType=HTTP, username=, password=********, proxyServerAddress=, proxyServerPort=0, executionList=&quot;&quot;, isApplyToDesiredCapabilities=true }"/>
         <property name="platform" value="Windows 10"/>
      </properties>
      <testcase name="Test Cases/Log-in/Log-in- 1" time="14.248" classname="Test Cases/Log-in/Log-in- 1" status="PASSED">
         <system-out><![CDATA[2022-04-29 22:31:34 - [TEST_CASE][PASSED] - Test Cases/Log-in/Log-in- 1: Test Cases/Log-in/Log-in- 1

2022-04-29 22:31:35 - [TEST_STEP][PASSED] - openBrowser(""): Browser is opened with url: ''

2022-04-29 22:31:36 - [MESSAGE][INFO] - Starting 'Chrome' driver

2022-04-29 22:31:36 - [MESSAGE][INFO] - Action delay is set to 0 milliseconds

2022-04-29 22:31:40 - [MESSAGE][PASSED] - Browser is opened with url: ''

2022-04-29 22:31:40 - [TEST_STEP][PASSED] - navigateToUrl("https://nexterus-dev.outsystemsenterprise.com/FusionCenter/Login"): Navigate to 'https://nexterus-dev.outsystemsenterprise.com/FusionCenter/Login' successfully

2022-04-29 22:31:42 - [MESSAGE][PASSED] - Navigate to 'https://nexterus-dev.outsystemsenterprise.com/FusionCenter/Login' successfully

2022-04-29 22:31:42 - [TEST_STEP][PASSED] - maximizeWindow(): Current window maximized

2022-04-29 22:31:42 - [MESSAGE][PASSED] - Current window maximized

2022-04-29 22:31:42 - [TEST_STEP][PASSED] - delay(1): Delayed 1 second(s)

2022-04-29 22:31:43 - [MESSAGE][PASSED] - Delayed 1 second(s)

2022-04-29 22:31:43 - [TEST_STEP][PASSED] - setText(findTestObject("001-Log-in/Username field"), "admin"): Text 'admin' is set on object 'Object Repository/001-Log-in/Username field'

2022-04-29 22:31:47 - [MESSAGE][PASSED] - Text 'admin' is set on object 'Object Repository/001-Log-in/Username field'

2022-04-29 22:31:47 - [TEST_STEP][PASSED] - setText(findTestObject("001-Log-in/Password field"), "admin"): Text 'admin' is set on object 'Object Repository/001-Log-in/Password field'

2022-04-29 22:31:48 - [MESSAGE][PASSED] - Text 'admin' is set on object 'Object Repository/001-Log-in/Password field'

2022-04-29 22:31:48 - [TEST_STEP][PASSED] - click(findTestObject("001-Log-in/Log-in button"), STOP_ON_FAILURE): Object: 'Object Repository/001-Log-in/Log-in button' is clicked on

2022-04-29 22:31:48 - [MESSAGE][PASSED] - Object: 'Object Repository/001-Log-in/Log-in button' is clicked on]]></system-out>
         <system-err><![CDATA[]]></system-err>
      </testcase>
      <testcase name="Test Cases/Sprint 4/FCSCMS-123/FCSCMS-481(Admin user is able to log in using valid credentials)" time="11.39" classname="Test Cases/Sprint 4/FCSCMS-123/FCSCMS-481(Admin user is able to log in using valid credentials)" status="PASSED">
         <system-out><![CDATA[2022-04-29 22:31:48 - [TEST_CASE][PASSED] - Test Cases/Sprint 4/FCSCMS-123/FCSCMS-481(Admin user is able to log in using valid credentials): Test Cases/Sprint 4/FCSCMS-123/FCSCMS-481(Admin user is able to log in using valid credentials)

2022-04-29 22:31:49 - [TEST_STEP][PASSED] - openBrowser(""): Browser is opened with url: ''

2022-04-29 22:31:49 - [MESSAGE][WARNING] - A browser is already opened. Closing browser and opening a new one

2022-04-29 22:31:50 - [MESSAGE][INFO] - Starting 'Chrome' driver

2022-04-29 22:31:50 - [MESSAGE][INFO] - Action delay is set to 0 milliseconds

2022-04-29 22:31:52 - [MESSAGE][PASSED] - Browser is opened with url: ''

2022-04-29 22:31:52 - [TEST_STEP][PASSED] - navigateToUrl("https://nexterus-dev.outsystemsenterprise.com/FusionCenter/Login"): Navigate to 'https://nexterus-dev.outsystemsenterprise.com/FusionCenter/Login' successfully

2022-04-29 22:31:54 - [MESSAGE][PASSED] - Navigate to 'https://nexterus-dev.outsystemsenterprise.com/FusionCenter/Login' successfully

2022-04-29 22:31:54 - [TEST_STEP][PASSED] - maximizeWindow(): Current window maximized

2022-04-29 22:31:54 - [MESSAGE][PASSED] - Current window maximized

2022-04-29 22:31:54 - [TEST_STEP][PASSED] - delay(1): Delayed 1 second(s)

2022-04-29 22:31:55 - [MESSAGE][PASSED] - Delayed 1 second(s)

2022-04-29 22:31:55 - [TEST_STEP][PASSED] - setText(findTestObject("001-Log-in/Username field"), "admin"): Text 'admin' is set on object 'Object Repository/001-Log-in/Username field'

2022-04-29 22:31:58 - [MESSAGE][PASSED] - Text 'admin' is set on object 'Object Repository/001-Log-in/Username field'

2022-04-29 22:31:58 - [TEST_STEP][PASSED] - setText(findTestObject("001-Log-in/Password field"), "admin"): Text 'admin' is set on object 'Object Repository/001-Log-in/Password field'

2022-04-29 22:31:59 - [MESSAGE][PASSED] - Text 'admin' is set on object 'Object Repository/001-Log-in/Password field'

2022-04-29 22:31:59 - [TEST_STEP][PASSED] - click(findTestObject("001-Log-in/Log-in button"), STOP_ON_FAILURE): Object: 'Object Repository/001-Log-in/Log-in button' is clicked on

2022-04-29 22:32:00 - [MESSAGE][PASSED] - Object: 'Object Repository/001-Log-in/Log-in button' is clicked on]]></system-out>
         <system-err><![CDATA[]]></system-err>
      </testcase>
      <testcase name="Test Cases/Sprint 4/FCSCMS-123/FCSCMS-482(User is able to click User and Account Management option from the left navigation panel)" time="34.638" classname="Test Cases/Sprint 4/FCSCMS-123/FCSCMS-482(User is able to click User and Account Management option from the left navigation panel)" status="PASSED">
         <system-out><![CDATA[2022-04-29 22:32:00 - [TEST_CASE][PASSED] - Test Cases/Sprint 4/FCSCMS-123/FCSCMS-482(User is able to click User and Account Management option from the left navigation panel): Test Cases/Sprint 4/FCSCMS-123/FCSCMS-482(User is able to click User and Account Management option from the left navigation panel)

2022-04-29 22:32:01 - [TEST_STEP][PASSED] - click(findTestObject("Admin/Sprint 4/FCSCMS-122/User Account Management")): Object: 'Object Repository/Admin/Sprint 4/FCSCMS-122/User Account Management' is clicked on

2022-04-29 22:32:34 - [MESSAGE][PASSED] - Object: 'Object Repository/Admin/Sprint 4/FCSCMS-122/User Account Management' is clicked on]]></system-out>
         <system-err><![CDATA[]]></system-err>
      </testcase>
      <testcase name="Test Cases/Sprint 4/FCSCMS-123/FCSCMS-483(Admin user is able to click Edit button)" time="152.18" classname="Test Cases/Sprint 4/FCSCMS-123/FCSCMS-483(Admin user is able to click Edit button)" status="PASSED">
         <system-out><![CDATA[2022-04-29 22:32:34 - [TEST_CASE][PASSED] - Test Cases/Sprint 4/FCSCMS-123/FCSCMS-483(Admin user is able to click Edit button): Test Cases/Sprint 4/FCSCMS-123/FCSCMS-483(Admin user is able to click Edit button)

2022-04-29 22:32:35 - [TEST_STEP][PASSED] - click(findTestObject("Admin/Sprint 4/FCSCMS-123/Edit button_ANONYMOUS USER")): Object: 'Object Repository/Admin/Sprint 4/FCSCMS-123/Edit button_ANONYMOUS USER' is clicked on

2022-04-29 22:33:06 - [MESSAGE][PASSED] - Object: 'Object Repository/Admin/Sprint 4/FCSCMS-123/Edit button_ANONYMOUS USER' is clicked on

2022-04-29 22:33:06 - [TEST_STEP][PASSED] - verifyElementVisible(findTestObject("Admin/Sprint 4/FCSCMS-123/Edit User_User Name")): Object 'Object Repository/Admin/Sprint 4/FCSCMS-123/Edit User_User Name' is visible

2022-04-29 22:33:36 - [MESSAGE][PASSED] - Object 'Object Repository/Admin/Sprint 4/FCSCMS-123/Edit User_User Name' is visible

2022-04-29 22:33:36 - [TEST_STEP][PASSED] - verifyElementVisible(findTestObject("Admin/Sprint 4/FCSCMS-123/Edit User_User Group")): Object 'Object Repository/Admin/Sprint 4/FCSCMS-123/Edit User_User Group' is visible

2022-04-29 22:34:06 - [MESSAGE][PASSED] - Object 'Object Repository/Admin/Sprint 4/FCSCMS-123/Edit User_User Group' is visible

2022-04-29 22:34:06 - [TEST_STEP][PASSED] - verifyElementVisible(findTestObject("Admin/Sprint 4/FCSCMS-123/Edit User_Mobile Number field")): Object 'Object Repository/Admin/Sprint 4/FCSCMS-123/Edit User_Mobile Number field' is visible

2022-04-29 22:34:36 - [MESSAGE][PASSED] - Object 'Object Repository/Admin/Sprint 4/FCSCMS-123/Edit User_Mobile Number field' is visible

2022-04-29 22:34:36 - [TEST_STEP][PASSED] - verifyElementVisible(findTestObject("Admin/Sprint 4/FCSCMS-123/Edit User_Email")): Object 'Object Repository/Admin/Sprint 4/FCSCMS-123/Edit User_Email' is visible

2022-04-29 22:35:07 - [MESSAGE][PASSED] - Object 'Object Repository/Admin/Sprint 4/FCSCMS-123/Edit User_Email' is visible]]></system-out>
         <system-err><![CDATA[]]></system-err>
      </testcase>
      <system-out><![CDATA[2022-04-29 22:31:34 - [TEST_SUITE][PASSED] - FCSCMS-123(User, Role and Access Management-Activate User): Test Cases/Sprint 4/FCSCMS-123/FCSCMS-483(Admin user is able to click Edit button)]]></system-out>
      <system-err><![CDATA[]]></system-err>
   </testsuite>
</testsuites>
