<?xml version="1.0" encoding="UTF-8"?>
<testsuites name="FCSCMS-403" time="293.319" tests="2" failures="0" errors="0">
   <testsuite name="FCSCMS-403" tests="2" failures="0" errors="0" time="293.319" skipped="0" timestamp="2022-04-25 14:50:25" hostname="Fet - DESKTOP-Q81B6T4" id="Test Suites/Sprint 3/FCSCMS-6/FCSCMS-403">
      <properties>
         <property name="deviceName" value=""/>
         <property name="devicePlatform" value=""/>
         <property name="logFolder" value="C:\\Users\\Fet\\git\\Sample - Nexterus\\Reports\\20220425_145020\\Sprint 3\\FCSCMS-6\\FCSCMS-403\\20220425_145020"/>
         <property name="logFiles" value="C:\\Users\\Fet\\git\\Sample - Nexterus\\Reports\\20220425_145020\\Sprint 3\\FCSCMS-6\\FCSCMS-403\\20220425_145020\\execution0.log"/>
         <property name="attachments" value=""/>
         <property name="hostName" value="Fet - DESKTOP-Q81B6T4"/>
         <property name="os" value="Windows 10 64bit"/>
         <property name="katalonVersion" value="8.3.0.208"/>
         <property name="browser" value="Chrome 100.0.4896.127"/>
         <property name="hostAddress" value="192.168.5.82"/>
         <property name="sessionId" value="05d961f8d37931fc38eaeb631b0e8fff"/>
         <property name="seleniumVersion" value="3.141.59"/>
         <property name="proxyInformation" value="ProxyInformation { proxyOption=NO_PROXY, proxyServerType=HTTP, username=, password=********, proxyServerAddress=, proxyServerPort=0, executionList=&quot;&quot;, isApplyToDesiredCapabilities=true }"/>
         <property name="platform" value="Windows 10"/>
      </properties>
      <testcase name="Test Cases/Log-in/Log-in- 1" time="13.554" classname="Test Cases/Log-in/Log-in- 1" status="PASSED">
         <system-out><![CDATA[2022-04-25 14:50:26 - [TEST_CASE][PASSED] - Test Cases/Log-in/Log-in- 1: Test Cases/Log-in/Log-in- 1

2022-04-25 14:50:27 - [TEST_STEP][PASSED] - openBrowser(""): Browser is opened with url: ''

2022-04-25 14:50:27 - [MESSAGE][INFO] - Starting 'Chrome' driver

2022-04-25 14:50:27 - [MESSAGE][INFO] - Action delay is set to 0 milliseconds

2022-04-25 14:50:31 - [MESSAGE][PASSED] - Browser is opened with url: ''

2022-04-25 14:50:31 - [TEST_STEP][PASSED] - navigateToUrl("https://nexterus-tst.outsystemsenterprise.com/FusionCenter/Login"): Navigate to 'https://nexterus-tst.outsystemsenterprise.com/FusionCenter/Login' successfully

2022-04-25 14:50:33 - [MESSAGE][PASSED] - Navigate to 'https://nexterus-tst.outsystemsenterprise.com/FusionCenter/Login' successfully

2022-04-25 14:50:33 - [TEST_STEP][PASSED] - maximizeWindow(): Current window maximized

2022-04-25 14:50:34 - [MESSAGE][PASSED] - Current window maximized

2022-04-25 14:50:34 - [TEST_STEP][PASSED] - delay(2): Delayed 2 second(s)

2022-04-25 14:50:36 - [MESSAGE][PASSED] - Delayed 2 second(s)

2022-04-25 14:50:36 - [TEST_STEP][PASSED] - setText(findTestObject("Log-in/Username field"), "admin"): Text 'admin' is set on object 'Object Repository/Log-in/Username field'

2022-04-25 14:50:37 - [MESSAGE][PASSED] - Text 'admin' is set on object 'Object Repository/Log-in/Username field'

2022-04-25 14:50:37 - [TEST_STEP][PASSED] - setText(findTestObject("Log-in/Password field"), "admin"): Text 'admin' is set on object 'Object Repository/Log-in/Password field'

2022-04-25 14:50:39 - [MESSAGE][PASSED] - Text 'admin' is set on object 'Object Repository/Log-in/Password field'

2022-04-25 14:50:39 - [TEST_STEP][PASSED] - click(findTestObject("Log-in/Log-in button"), STOP_ON_FAILURE): Object: 'Object Repository/Log-in/Log-in button' is clicked on

2022-04-25 14:50:39 - [MESSAGE][PASSED] - Object: 'Object Repository/Log-in/Log-in button' is clicked on]]></system-out>
         <system-err><![CDATA[]]></system-err>
      </testcase>
      <testcase name="Test Cases/Sprint 3/FCSCMS-6/FCSCMS-403" time="279.103" classname="Test Cases/Sprint 3/FCSCMS-6/FCSCMS-403" status="PASSED">
         <system-out><![CDATA[2022-04-25 14:50:39 - [TEST_CASE][PASSED] - Test Cases/Sprint 3/FCSCMS-6/FCSCMS-403: Test Cases/Sprint 3/FCSCMS-6/FCSCMS-403

2022-04-25 14:50:40 - [TEST_STEP][PASSED] - click(findTestObject("Sprint 3/FCSCMS-403/FCSCMS-403/a_Privilege Group Management")): Object: 'Object Repository/Sprint 3/FCSCMS-403/FCSCMS-403/a_Privilege Group Management' is clicked on

2022-04-25 14:51:16 - [MESSAGE][PASSED] - Object: 'Object Repository/Sprint 3/FCSCMS-403/FCSCMS-403/a_Privilege Group Management' is clicked on

2022-04-25 14:51:16 - [TEST_STEP][PASSED] - click(findTestObject("Sprint 3/FCSCMS-403/FCSCMS-403/Activate button(fet automation)")): Object: 'Object Repository/Sprint 3/FCSCMS-403/FCSCMS-403/Activate button(fet automation)' is clicked on

2022-04-25 14:51:46 - [MESSAGE][PASSED] - Object: 'Object Repository/Sprint 3/FCSCMS-403/FCSCMS-403/Activate button(fet automation)' is clicked on

2022-04-25 14:51:46 - [TEST_STEP][PASSED] - click(findTestObject("Sprint 3/FCSCMS-403/FCSCMS-403/Activate_Yes button")): Object: 'Object Repository/Sprint 3/FCSCMS-403/FCSCMS-403/Activate_Yes button' is clicked on

2022-04-25 14:52:16 - [MESSAGE][PASSED] - Object: 'Object Repository/Sprint 3/FCSCMS-403/FCSCMS-403/Activate_Yes button' is clicked on

2022-04-25 14:52:16 - [TEST_STEP][PASSED] - verifyElementVisible(findTestObject("Sprint 3/FCSCMS-403/FCSCMS-403/Status_Active"), CONTINUE_ON_FAILURE): Object 'Object Repository/Sprint 3/FCSCMS-403/FCSCMS-403/Status_Active' is visible

2022-04-25 14:52:47 - [MESSAGE][PASSED] - Object 'Object Repository/Sprint 3/FCSCMS-403/FCSCMS-403/Status_Active' is visible

2022-04-25 14:52:47 - [TEST_STEP][PASSED] - verifyElementText(findTestObject("Sprint 3/FCSCMS-403/FCSCMS-403/Status_Active"), "Active", CONTINUE_ON_FAILURE): Actual text and expected text of test object 'Object Repository/Sprint 3/FCSCMS-403/FCSCMS-403/Status_Active' are matched.

2022-04-25 14:53:17 - [MESSAGE][PASSED] - Actual text and expected text of test object 'Object Repository/Sprint 3/FCSCMS-403/FCSCMS-403/Status_Active' are matched.

2022-04-25 14:53:17 - [TEST_STEP][PASSED] - click(findTestObject("Sprint 3/FCSCMS-403/FCSCMS-403/Deactivate button(fet automation)")): Object: 'Object Repository/Sprint 3/FCSCMS-403/FCSCMS-403/Deactivate button(fet automation)' is clicked on

2022-04-25 14:53:47 - [MESSAGE][PASSED] - Object: 'Object Repository/Sprint 3/FCSCMS-403/FCSCMS-403/Deactivate button(fet automation)' is clicked on

2022-04-25 14:53:47 - [TEST_STEP][PASSED] - click(findTestObject("Sprint 3/FCSCMS-403/FCSCMS-403/Deactivate_Yes button")): Object: 'Object Repository/Sprint 3/FCSCMS-403/FCSCMS-403/Deactivate_Yes button' is clicked on

2022-04-25 14:54:18 - [MESSAGE][PASSED] - Object: 'Object Repository/Sprint 3/FCSCMS-403/FCSCMS-403/Deactivate_Yes button' is clicked on

2022-04-25 14:54:18 - [TEST_STEP][PASSED] - verifyElementVisible(findTestObject("Sprint 3/FCSCMS-403/FCSCMS-403/Status_Inactive"), CONTINUE_ON_FAILURE): Object 'Object Repository/Sprint 3/FCSCMS-403/FCSCMS-403/Status_Inactive' is visible

2022-04-25 14:54:48 - [MESSAGE][PASSED] - Object 'Object Repository/Sprint 3/FCSCMS-403/FCSCMS-403/Status_Inactive' is visible

2022-04-25 14:54:48 - [TEST_STEP][PASSED] - verifyElementText(findTestObject("Sprint 3/FCSCMS-403/FCSCMS-403/Status_Inactive"), "Inactive", CONTINUE_ON_FAILURE): Actual text and expected text of test object 'Object Repository/Sprint 3/FCSCMS-403/FCSCMS-403/Status_Inactive' are matched.

2022-04-25 14:55:18 - [MESSAGE][PASSED] - Actual text and expected text of test object 'Object Repository/Sprint 3/FCSCMS-403/FCSCMS-403/Status_Inactive' are matched.]]></system-out>
         <system-err><![CDATA[]]></system-err>
      </testcase>
      <system-out><![CDATA[2022-04-25 14:50:25 - [TEST_SUITE][PASSED] - FCSCMS-403: Test Cases/Sprint 3/FCSCMS-6/FCSCMS-403]]></system-out>
      <system-err><![CDATA[]]></system-err>
   </testsuite>
</testsuites>
